<?xml version="1.0" encoding="UTF-8"?>
<!-- Generated by org.testng.reporters.JUnitXMLReporter -->
<testsuite hostname="DESKTOP-V01NHOK" ignored="5" name="Default test" tests="1" failures="0" timestamp="2022-04-12T11:45:10 EET" time="14.284" errors="0">
  <testcase name="VerifyEmailErrorMsg" time="0.388" classname="test.SignUpPageTest"/>
  <testcase name="AddNewTaskNextWeek" time="0.0" classname="test.SignUpPageTest">
    <ignored/>
  </testcase> <!-- AddNewTaskNextWeek -->
  <testcase name="VerifyPassWrdErrorMsg" time="0.0" classname="test.SignUpPageTest">
    <ignored/>
  </testcase> <!-- VerifyPassWrdErrorMsg -->
  <testcase name="CreateNewAccount" time="0.0" classname="test.SignUpPageTest">
    <ignored/>
  </testcase> <!-- CreateNewAccount -->
  <testcase name="AddNewTaskToday" time="0.0" classname="test.SignUpPageTest">
    <ignored/>
  </testcase> <!-- AddNewTaskToday -->
  <testcase name="VerifyConfirmPassWrdErrorMsg" time="0.0" classname="test.SignUpPageTest">
    <ignored/>
  </testcase> <!-- VerifyConfirmPassWrdErrorMsg -->
</testsuite> <!-- Default test -->
