<?xml version="1.0" encoding="UTF-8"?>
<testng-results skipped="0" failed="0" ignored="5" total="6" passed="1">
  <reporter-output>
  </reporter-output>
  <suite name="Default suite" duration-ms="14284" started-at="2022-04-12T11:44:56 EET" finished-at="2022-04-12T11:45:10 EET">
    <groups>
    </groups>
    <test name="Default test" duration-ms="14284" started-at="2022-04-12T11:44:56 EET" finished-at="2022-04-12T11:45:10 EET">
      <class name="test.SignUpPageTest">
        <test-method status="PASS" signature="setupTest()[pri:0, instance:test.SignUpPageTest@3d8314f0]" name="setupTest" is-config="true" duration-ms="371" started-at="2022-04-12T11:44:56 EET" finished-at="2022-04-12T11:44:56 EET">
          <reporter-output>
          </reporter-output>
        </test-method> <!-- setupTest -->
        <test-method status="PASS" signature="setupMethod()[pri:0, instance:test.SignUpPageTest@3d8314f0]" name="setupMethod" is-config="true" duration-ms="11945" started-at="2022-04-12T11:44:56 EET" finished-at="2022-04-12T11:45:08 EET">
          <reporter-output>
          </reporter-output>
        </test-method> <!-- setupMethod -->
        <test-method status="PASS" signature="VerifyEmailErrorMsg()[pri:0, instance:test.SignUpPageTest@3d8314f0]" name="VerifyEmailErrorMsg" duration-ms="388" started-at="2022-04-12T11:45:08 EET" finished-at="2022-04-12T11:45:08 EET">
          <reporter-output>
          </reporter-output>
        </test-method> <!-- VerifyEmailErrorMsg -->
        <test-method status="PASS" signature="tearDownMethod(org.testng.ITestResult)[pri:0, instance:test.SignUpPageTest@3d8314f0]" name="tearDownMethod" is-config="true" duration-ms="1146" started-at="2022-04-12T11:45:08 EET" finished-at="2022-04-12T11:45:09 EET">
          <params>
            <param index="0">
              <value>
                <![CDATA[[TestResult name=VerifyEmailErrorMsg status=SUCCESS method=SignUpPageTest.VerifyEmailErrorMsg()[pri:0, instance:test.SignUpPageTest@3d8314f0] output={null}]]]>
              </value>
            </param>
          </params>
          <reporter-output>
          </reporter-output>
        </test-method> <!-- tearDownMethod -->
        <test-method status="PASS" signature="tearDownTest()[pri:0, instance:test.SignUpPageTest@3d8314f0]" name="tearDownTest" is-config="true" duration-ms="385" started-at="2022-04-12T11:45:09 EET" finished-at="2022-04-12T11:45:10 EET">
          <reporter-output>
          </reporter-output>
        </test-method> <!-- tearDownTest -->
      </class> <!-- test.SignUpPageTest -->
    </test> <!-- Default test -->
  </suite> <!-- Default suite -->
</testng-results>
